EcoBookAiAndroid/app/build/intermediates/manifest_merge_blame_file/debug/processDebugMainManifest/manifest-merger-blame-debug-report.txt
1<?xml version="1.0" encoding="utf-8"?>
2<manifest xmlns:android="http://schemas.android.com/apk/res/android"
3    package="com.ecobook.debug"
4    android:versionCode="1"
5    android:versionName="1.0.0-debug" >
6
7    <uses-sdk
8        android:minSdkVersion="26"
9        android:targetSdkVersion="34" />
10
11    <uses-permission android:name="android.permission.INTERNET" />
11-->src\main\AndroidManifest.xml:5:5-67
11-->src\main\AndroidManifest.xml:5:22-64
12    <uses-permission android:name="android.permission.POST_NOTIFICATIONS" />
12-->src\main\AndroidManifest.xml:6:5-77
12-->src\main\AndroidManifest.xml:6:22-74
13    <uses-permission android:name="android.permission.CAMERA" />
13-->src\main\AndroidManifest.xml:7:5-65
13-->src\main\AndroidManifest.xml:7:22-62
14
15    <uses-feature
15-->src\main\AndroidManifest.xml:8:5-10:36
16        android:name="android.hardware.camera"
16-->src\main\AndroidManifest.xml:9:9-47
17        android:required="false" />
17-->src\main\AndroidManifest.xml:10:9-33
18
19    <uses-permission
19-->src\main\AndroidManifest.xml:11:5-13:38
20        android:name="android.permission.READ_EXTERNAL_STORAGE"
20-->src\main\AndroidManifest.xml:12:9-64
21        android:maxSdkVersion="32" />
21-->src\main\AndroidManifest.xml:13:9-35
22    <uses-permission android:name="android.permission.READ_MEDIA_IMAGES" />
22-->src\main\AndroidManifest.xml:14:5-76
22-->src\main\AndroidManifest.xml:14:22-73
23    <uses-permission
23-->src\main\AndroidManifest.xml:15:5-17:38
24        android:name="android.permission.WRITE_EXTERNAL_STORAGE"
24-->src\main\AndroidManifest.xml:16:9-65
25        android:maxSdkVersion="32" />
25-->src\main\AndroidManifest.xml:17:9-35
26
27    <queries>
27-->[net.openid:appauth:0.11.0] AndroidManifest.xml:24:5-32:15
28        <intent>
28-->[net.openid:appauth:0.11.0] AndroidManifest.xml:25:9-31:18
29            <action android:name="android.intent.action.VIEW" />
29-->[net.openid:appauth:0.11.0] AndroidManifest.xml:26:13-65
29-->[net.openid:appauth:0.11.0] AndroidManifest.xml:26:21-62
30
31            <category android:name="android.intent.category.BROWSABLE" />
31-->[net.openid:appauth:0.11.0] AndroidManifest.xml:28:13-74
31-->[net.openid:appauth:0.11.0] AndroidManifest.xml:28:23-71
32
33            <data android:scheme="https" />
33-->[net.openid:appauth:0.11.0] AndroidManifest.xml:30:13-44
33-->[net.openid:appauth:0.11.0] AndroidManifest.xml:30:19-41
34        </intent>
35    </queries>
36
37    <uses-permission android:name="android.permission.ACCESS_NETWORK_STATE" />
37-->[com.google.firebase:firebase-messaging:23.4.1] AndroidManifest.xml:22:5-79
37-->[com.google.firebase:firebase-messaging:23.4.1] AndroidManifest.xml:22:22-76
38    <uses-permission android:name="android.permission.WAKE_LOCK" /> <!-- Required by older versions of Google Play services to create IID tokens -->
38-->[com.google.firebase:firebase-messaging:23.4.1] AndroidManifest.xml:24:5-68
38-->[com.google.firebase:firebase-messaging:23.4.1] AndroidManifest.xml:24:22-65
39    <uses-permission android:name="com.google.android.c2dm.permission.RECEIVE" />
39-->[com.google.firebase:firebase-messaging:23.4.1] AndroidManifest.xml:26:5-82
39-->[com.google.firebase:firebase-messaging:23.4.1] AndroidManifest.xml:26:22-79
40
41    <permission
41-->[androidx.core:core:1.13.1] AndroidManifest.xml:22:5-24:47
42        android:name="com.ecobook.debug.DYNAMIC_RECEIVER_NOT_EXPORTED_PERMISSION"
42-->[androidx.core:core:1.13.1] AndroidManifest.xml:23:9-81
43        android:protectionLevel="signature" />
43-->[androidx.core:core:1.13.1] AndroidManifest.xml:24:9-44
44
45    <uses-permission android:name="com.ecobook.debug.DYNAMIC_RECEIVER_NOT_EXPORTED_PERMISSION" />
45-->[androidx.core:core:1.13.1] AndroidManifest.xml:26:5-97
45-->[androidx.core:core:1.13.1] AndroidManifest.xml:26:22-94
46
47    <application
47-->src\main\AndroidManifest.xml:19:5-49:19
48        android:name="com.ecobook.EcoBookApp"
48-->src\main\AndroidManifest.xml:20:9-35
49        android:allowBackup="true"
49-->src\main\AndroidManifest.xml:21:9-35
50        android:appComponentFactory="androidx.core.app.CoreComponentFactory"
50-->[androidx.core:core:1.13.1] AndroidManifest.xml:28:18-86
51        android:dataExtractionRules="@xml/data_extraction_rules"
51-->src\main\AndroidManifest.xml:22:9-65
52        android:debuggable="true"
53        android:extractNativeLibs="false"
54        android:fullBackupContent="@xml/backup_rules"
54-->src\main\AndroidManifest.xml:23:9-54
55        android:icon="@android:drawable/sym_def_app_icon"
55-->src\main\AndroidManifest.xml:24:9-58
56        android:label="@string/app_name"
56-->src\main\AndroidManifest.xml:25:9-41
57        android:roundIcon="@android:drawable/sym_def_app_icon"
57-->src\main\AndroidManifest.xml:26:9-63
58        android:supportsRtl="true"
58-->src\main\AndroidManifest.xml:27:9-35
59        android:testOnly="true"
60        android:theme="@style/Theme.EcoBook"
60-->src\main\AndroidManifest.xml:28:9-45
61        android:usesCleartextTraffic="true" >
61-->src\main\AndroidManifest.xml:29:9-44
62        <activity
62-->src\main\AndroidManifest.xml:32:9-40:20
63            android:name="com.ecobook.MainActivity"
63-->src\main\AndroidManifest.xml:33:13-41
64            android:exported="true"
64-->src\main\AndroidManifest.xml:34:13-36
65            android:theme="@style/Theme.EcoBook" >
65-->src\main\AndroidManifest.xml:35:13-49
66            <intent-filter>
66-->src\main\AndroidManifest.xml:36:13-39:29
67                <action android:name="android.intent.action.MAIN" />
67-->src\main\AndroidManifest.xml:37:17-69
67-->src\main\AndroidManifest.xml:37:25-66
68
69                <category android:name="android.intent.category.LAUNCHER" />
69-->src\main\AndroidManifest.xml:38:17-77
69-->src\main\AndroidManifest.xml:38:27-74
70            </intent-filter>
71        </activity>
72
73        <service
73-->src\main\AndroidManifest.xml:42:9-48:19
74            android:name="com.ecobook.fcm.EcoBookMessagingService"
74-->src\main\AndroidManifest.xml:43:13-56
75            android:exported="false" >
75-->src\main\AndroidManifest.xml:44:13-37
76            <intent-filter>
76-->src\main\AndroidManifest.xml:45:13-47:29
77                <action android:name="com.google.firebase.MESSAGING_EVENT" />
77-->src\main\AndroidManifest.xml:46:17-78
77-->src\main\AndroidManifest.xml:46:25-75
78            </intent-filter>
79        </service>
80
81        <activity
81-->[net.openid:appauth:0.11.0] AndroidManifest.xml:35:9-39:77
82            android:name="net.openid.appauth.AuthorizationManagementActivity"
82-->[net.openid:appauth:0.11.0] AndroidManifest.xml:36:13-78
83            android:exported="false"
83-->[net.openid:appauth:0.11.0] AndroidManifest.xml:37:13-37
84            android:launchMode="singleTask"
84-->[net.openid:appauth:0.11.0] AndroidManifest.xml:38:13-44
85            android:theme="@style/Theme.AppCompat.Translucent.NoTitleBar" />
85-->[net.openid:appauth:0.11.0] AndroidManifest.xml:39:13-74
86        <activity
86-->[net.openid:appauth:0.11.0] AndroidManifest.xml:40:9-51:20
87            android:name="net.openid.appauth.RedirectUriReceiverActivity"
87-->[net.openid:appauth:0.11.0] AndroidManifest.xml:41:13-74
88            android:exported="true" >
88-->[net.openid:appauth:0.11.0] AndroidManifest.xml:42:13-36
89            <intent-filter>
89-->[net.openid:appauth:0.11.0] AndroidManifest.xml:43:13-50:29
90                <action android:name="android.intent.action.VIEW" />
90-->[net.openid:appauth:0.11.0] AndroidManifest.xml:26:13-65
90-->[net.openid:appauth:0.11.0] AndroidManifest.xml:26:21-62
91
92                <category android:name="android.intent.category.DEFAULT" />
92-->[net.openid:appauth:0.11.0] AndroidManifest.xml:46:17-76
92-->[net.openid:appauth:0.11.0] AndroidManifest.xml:46:27-73
93                <category android:name="android.intent.category.BROWSABLE" />
93-->[net.openid:appauth:0.11.0] AndroidManifest.xml:28:13-74
93-->[net.openid:appauth:0.11.0] AndroidManifest.xml:28:23-71
94
95                <data android:scheme="com.ecobook" />
95-->[net.openid:appauth:0.11.0] AndroidManifest.xml:30:13-44
95-->[net.openid:appauth:0.11.0] AndroidManifest.xml:30:19-41
96            </intent-filter>
97        </activity>
98
99        <receiver
99-->[com.google.firebase:firebase-messaging:23.4.1] AndroidManifest.xml:29:9-40:20
100            android:name="com.google.firebase.iid.FirebaseInstanceIdReceiver"
100-->[com.google.firebase:firebase-messaging:23.4.1] AndroidManifest.xml:30:13-78
101            android:exported="true"
101-->[com.google.firebase:firebase-messaging:23.4.1] AndroidManifest.xml:31:13-36
102            android:permission="com.google.android.c2dm.permission.SEND" >
102-->[com.google.firebase:firebase-messaging:23.4.1] AndroidManifest.xml:32:13-73
103            <intent-filter>
103-->[com.google.firebase:firebase-messaging:23.4.1] AndroidManifest.xml:33:13-35:29
104                <action android:name="com.google.android.c2dm.intent.RECEIVE" />
104-->[com.google.firebase:firebase-messaging:23.4.1] AndroidManifest.xml:34:17-81
104-->[com.google.firebase:firebase-messaging:23.4.1] AndroidManifest.xml:34:25-78
105            </intent-filter>
106
107            <meta-data
107-->[com.google.firebase:firebase-messaging:23.4.1] AndroidManifest.xml:37:13-39:40
108                android:name="com.google.android.gms.cloudmessaging.FINISHED_AFTER_HANDLED"
108-->[com.google.firebase:firebase-messaging:23.4.1] AndroidManifest.xml:38:17-92
109                android:value="true" />
109-->[com.google.firebase:firebase-messaging:23.4.1] AndroidManifest.xml:39:17-37
110        </receiver>
111        <!--
112             FirebaseMessagingService performs security checks at runtime,
113             but set to not exported to explicitly avoid allowing another app to call it.
114        -->
115        <service
115-->[com.google.firebase:firebase-messaging:23.4.1] AndroidManifest.xml:46:9-53:19
116            android:name="com.google.firebase.messaging.FirebaseMessagingService"
116-->[com.google.firebase:firebase-messaging:23.4.1] AndroidManifest.xml:47:13-82
117            android:directBootAware="true"
117-->[com.google.firebase:firebase-messaging:23.4.1] AndroidManifest.xml:48:13-43
118            android:exported="false" >
118-->[com.google.firebase:firebase-messaging:23.4.1] AndroidManifest.xml:49:13-37
119            <intent-filter android:priority="-500" >
119-->src\main\AndroidManifest.xml:45:13-47:29
120                <action android:name="com.google.firebase.MESSAGING_EVENT" />
120-->src\main\AndroidManifest.xml:46:17-78
120-->src\main\AndroidManifest.xml:46:25-75
121            </intent-filter>
122        </service>
123        <service
123-->[com.google.firebase:firebase-messaging:23.4.1] AndroidManifest.xml:54:9-63:19
124            android:name="com.google.firebase.components.ComponentDiscoveryService"
124-->[com.google.firebase:firebase-messaging:23.4.1] AndroidManifest.xml:55:13-84
125            android:directBootAware="true"
125-->[com.google.firebase:firebase-common:20.4.2] AndroidManifest.xml:32:13-43
126            android:exported="false" >
126-->[com.google.firebase:firebase-messaging:23.4.1] AndroidManifest.xml:56:13-37
127            <meta-data
127-->[com.google.firebase:firebase-messaging:23.4.1] AndroidManifest.xml:57:13-59:85
128                android:name="com.google.firebase.components:com.google.firebase.messaging.FirebaseMessagingKtxRegistrar"
128-->[com.google.firebase:firebase-messaging:23.4.1] AndroidManifest.xml:58:17-122
129                android:value="com.google.firebase.components.ComponentRegistrar" />
129-->[com.google.firebase:firebase-messaging:23.4.1] AndroidManifest.xml:59:17-82
130            <meta-data
130-->[com.google.firebase:firebase-messaging:23.4.1] AndroidManifest.xml:60:13-62:85
131                android:name="com.google.firebase.components:com.google.firebase.messaging.FirebaseMessagingRegistrar"
131-->[com.google.firebase:firebase-messaging:23.4.1] AndroidManifest.xml:61:17-119
132                android:value="com.google.firebase.components.ComponentRegistrar" />
132-->[com.google.firebase:firebase-messaging:23.4.1] AndroidManifest.xml:62:17-82
133            <meta-data
133-->[com.google.firebase:firebase-installations:17.2.0] AndroidManifest.xml:15:13-17:85
134                android:name="com.google.firebase.components:com.google.firebase.installations.FirebaseInstallationsKtxRegistrar"
134-->[com.google.firebase:firebase-installations:17.2.0] AndroidManifest.xml:16:17-130
135                android:value="com.google.firebase.components.ComponentRegistrar" />
135-->[com.google.firebase:firebase-installations:17.2.0] AndroidManifest.xml:17:17-82
136            <meta-data
136-->[com.google.firebase:firebase-installations:17.2.0] AndroidManifest.xml:18:13-20:85
137                android:name="com.google.firebase.components:com.google.firebase.installations.FirebaseInstallationsRegistrar"
137-->[com.google.firebase:firebase-installations:17.2.0] AndroidManifest.xml:19:17-127
138                android:value="com.google.firebase.components.ComponentRegistrar" />
138-->[com.google.firebase:firebase-installations:17.2.0] AndroidManifest.xml:20:17-82
139            <meta-data
139-->[com.google.firebase:firebase-common-ktx:20.4.2] AndroidManifest.xml:12:13-14:85
140                android:name="com.google.firebase.components:com.google.firebase.ktx.FirebaseCommonLegacyRegistrar"
140-->[com.google.firebase:firebase-common-ktx:20.4.2] AndroidManifest.xml:13:17-116
141                android:value="com.google.firebase.components.ComponentRegistrar" />
141-->[com.google.firebase:firebase-common-ktx:20.4.2] AndroidManifest.xml:14:17-82
142            <meta-data
142-->[com.google.firebase:firebase-common:20.4.2] AndroidManifest.xml:35:13-37:85
143                android:name="com.google.firebase.components:com.google.firebase.FirebaseCommonKtxRegistrar"
143-->[com.google.firebase:firebase-common:20.4.2] AndroidManifest.xml:36:17-109
144                android:value="com.google.firebase.components.ComponentRegistrar" />
144-->[com.google.firebase:firebase-common:20.4.2] AndroidManifest.xml:37:17-82
145            <meta-data
145-->[com.google.firebase:firebase-datatransport:18.1.7] AndroidManifest.xml:27:13-29:85
146                android:name="com.google.firebase.components:com.google.firebase.datatransport.TransportRegistrar"
146-->[com.google.firebase:firebase-datatransport:18.1.7] AndroidManifest.xml:28:17-115
147                android:value="com.google.firebase.components.ComponentRegistrar" />
147-->[com.google.firebase:firebase-datatransport:18.1.7] AndroidManifest.xml:29:17-82
148        </service>
149
150        <activity
150-->[com.google.android.gms:play-services-base:18.0.1] AndroidManifest.xml:20:9-22:45
151            android:name="com.google.android.gms.common.api.GoogleApiActivity"
151-->[com.google.android.gms:play-services-base:18.0.1] AndroidManifest.xml:20:19-85
152            android:exported="false"
152-->[com.google.android.gms:play-services-base:18.0.1] AndroidManifest.xml:22:19-43
153            android:theme="@android:style/Theme.Translucent.NoTitleBar" />
153-->[com.google.android.gms:play-services-base:18.0.1] AndroidManifest.xml:21:19-78
154
155        <provider
155-->[com.google.firebase:firebase-common:20.4.2] AndroidManifest.xml:23:9-28:39
156            android:name="com.google.firebase.provider.FirebaseInitProvider"
156-->[com.google.firebase:firebase-common:20.4.2] AndroidManifest.xml:24:13-77
157            android:authorities="com.ecobook.debug.firebaseinitprovider"
157-->[com.google.firebase:firebase-common:20.4.2] AndroidManifest.xml:25:13-72
158            android:directBootAware="true"
158-->[com.google.firebase:firebase-common:20.4.2] AndroidManifest.xml:26:13-43
159            android:exported="false"
159-->[com.google.firebase:firebase-common:20.4.2] AndroidManifest.xml:27:13-37
160            android:initOrder="100" />
160-->[com.google.firebase:firebase-common:20.4.2] AndroidManifest.xml:28:13-36
161
162        <activity
162-->[androidx.compose.ui:ui-tooling-android:1.5.4] AndroidManifest.xml:23:9-25:39
163            android:name="androidx.compose.ui.tooling.PreviewActivity"
163-->[androidx.compose.ui:ui-tooling-android:1.5.4] AndroidManifest.xml:24:13-71
164            android:exported="true" />
164-->[androidx.compose.ui:ui-tooling-android:1.5.4] AndroidManifest.xml:25:13-36
165
166        <provider
166-->[androidx.emoji2:emoji2:1.4.0] AndroidManifest.xml:24:9-32:20
167            android:name="androidx.startup.InitializationProvider"
167-->[androidx.emoji2:emoji2:1.4.0] AndroidManifest.xml:25:13-67
168            android:authorities="com.ecobook.debug.androidx-startup"
168-->[androidx.emoji2:emoji2:1.4.0] AndroidManifest.xml:26:13-68
169            android:exported="false" >
169-->[androidx.emoji2:emoji2:1.4.0] AndroidManifest.xml:27:13-37
170            <meta-data
170-->[androidx.emoji2:emoji2:1.4.0] AndroidManifest.xml:29:13-31:52
171                android:name="androidx.emoji2.text.EmojiCompatInitializer"
171-->[androidx.emoji2:emoji2:1.4.0] AndroidManifest.xml:30:17-75
172                android:value="androidx.startup" />
172-->[androidx.emoji2:emoji2:1.4.0] AndroidManifest.xml:31:17-49
173            <meta-data
173-->[androidx.lifecycle:lifecycle-process:2.6.2] AndroidManifest.xml:29:13-31:52
174                android:name="androidx.lifecycle.ProcessLifecycleInitializer"
174-->[androidx.lifecycle:lifecycle-process:2.6.2] AndroidManifest.xml:30:17-78
175                android:value="androidx.startup" />
175-->[androidx.lifecycle:lifecycle-process:2.6.2] AndroidManifest.xml:31:17-49
176            <meta-data
176-->[androidx.profileinstaller:profileinstaller:1.3.1] AndroidManifest.xml:29:13-31:52
177                android:name="androidx.profileinstaller.ProfileInstallerInitializer"
177-->[androidx.profileinstaller:profileinstaller:1.3.1] AndroidManifest.xml:30:17-85
178                android:value="androidx.startup" />
178-->[androidx.profileinstaller:profileinstaller:1.3.1] AndroidManifest.xml:31:17-49
179        </provider>
180
181        <meta-data
181-->[com.google.android.gms:play-services-basement:18.1.0] AndroidManifest.xml:21:9-23:69
182            android:name="com.google.android.gms.version"
182-->[com.google.android.gms:play-services-basement:18.1.0] AndroidManifest.xml:22:13-58
183            android:value="@integer/google_play_services_version" />
183-->[com.google.android.gms:play-services-basement:18.1.0] AndroidManifest.xml:23:13-66
184
185        <receiver
185-->[androidx.profileinstaller:profileinstaller:1.3.1] AndroidManifest.xml:34:9-52:20
186            android:name="androidx.profileinstaller.ProfileInstallReceiver"
186-->[androidx.profileinstaller:profileinstaller:1.3.1] AndroidManifest.xml:35:13-76
187            android:directBootAware="false"
187-->[androidx.profileinstaller:profileinstaller:1.3.1] AndroidManifest.xml:36:13-44
188            android:enabled="true"
188-->[androidx.profileinstaller:profileinstaller:1.3.1] AndroidManifest.xml:37:13-35
189            android:exported="true"
189-->[androidx.profileinstaller:profileinstaller:1.3.1] AndroidManifest.xml:38:13-36
190            android:permission="android.permission.DUMP" >
190-->[androidx.profileinstaller:profileinstaller:1.3.1] AndroidManifest.xml:39:13-57
191            <intent-filter>
191-->[androidx.profileinstaller:profileinstaller:1.3.1] AndroidManifest.xml:40:13-42:29
192                <action android:name="androidx.profileinstaller.action.INSTALL_PROFILE" />
192-->[androidx.profileinstaller:profileinstaller:1.3.1] AndroidManifest.xml:41:17-91
192-->[androidx.profileinstaller:profileinstaller:1.3.1] AndroidManifest.xml:41:25-88
193            </intent-filter>
194            <intent-filter>
194-->[androidx.profileinstaller:profileinstaller:1.3.1] AndroidManifest.xml:43:13-45:29
195                <action android:name="androidx.profileinstaller.action.SKIP_FILE" />
195-->[androidx.profileinstaller:profileinstaller:1.3.1] AndroidManifest.xml:44:17-85
195-->[androidx.profileinstaller:profileinstaller:1.3.1] AndroidManifest.xml:44:25-82
196            </intent-filter>
197            <intent-filter>
197-->[androidx.profileinstaller:profileinstaller:1.3.1] AndroidManifest.xml:46:13-48:29
198                <action android:name="androidx.profileinstaller.action.SAVE_PROFILE" />
198-->[androidx.profileinstaller:profileinstaller:1.3.1] AndroidManifest.xml:47:17-88
198-->[androidx.profileinstaller:profileinstaller:1.3.1] AndroidManifest.xml:47:25-85
199            </intent-filter>
200            <intent-filter>
200-->[androidx.profileinstaller:profileinstaller:1.3.1] AndroidManifest.xml:49:13-51:29
201                <action android:name="androidx.profileinstaller.action.BENCHMARK_OPERATION" />
201-->[androidx.profileinstaller:profileinstaller:1.3.1] AndroidManifest.xml:50:17-95
201-->[androidx.profileinstaller:profileinstaller:1.3.1] AndroidManifest.xml:50:25-92
202            </intent-filter>
203        </receiver>
204
205        <service
205-->[com.google.android.datatransport:transport-backend-cct:3.1.8] AndroidManifest.xml:28:9-34:19
206            android:name="com.google.android.datatransport.runtime.backends.TransportBackendDiscovery"
206-->[com.google.android.datatransport:transport-backend-cct:3.1.8] AndroidManifest.xml:29:13-103
207            android:exported="false" >
207-->[com.google.android.datatransport:transport-backend-cct:3.1.8] AndroidManifest.xml:30:13-37
208            <meta-data
208-->[com.google.android.datatransport:transport-backend-cct:3.1.8] AndroidManifest.xml:31:13-33:39
209                android:name="backend:com.google.android.datatransport.cct.CctBackendFactory"
209-->[com.google.android.datatransport:transport-backend-cct:3.1.8] AndroidManifest.xml:32:17-94
210                android:value="cct" />
210-->[com.google.android.datatransport:transport-backend-cct:3.1.8] AndroidManifest.xml:33:17-36
211        </service>
212        <service
212-->[com.google.android.datatransport:transport-runtime:3.1.8] AndroidManifest.xml:26:9-30:19
213            android:name="com.google.android.datatransport.runtime.scheduling.jobscheduling.JobInfoSchedulerService"
213-->[com.google.android.datatransport:transport-runtime:3.1.8] AndroidManifest.xml:27:13-117
214            android:exported="false"
214-->[com.google.android.datatransport:transport-runtime:3.1.8] AndroidManifest.xml:28:13-37
215            android:permission="android.permission.BIND_JOB_SERVICE" >
215-->[com.google.android.datatransport:transport-runtime:3.1.8] AndroidManifest.xml:29:13-69
216        </service>
217
218        <receiver
218-->[com.google.android.datatransport:transport-runtime:3.1.8] AndroidManifest.xml:32:9-34:40
219            android:name="com.google.android.datatransport.runtime.scheduling.jobscheduling.AlarmManagerSchedulerBroadcastReceiver"
219-->[com.google.android.datatransport:transport-runtime:3.1.8] AndroidManifest.xml:33:13-132
220            android:exported="false" />
220-->[com.google.android.datatransport:transport-runtime:3.1.8] AndroidManifest.xml:34:13-37
221    </application>
222
223</manifest>